Log file open, 10/22/19 14:22:32
LogPlatformFile: Not using cached read wrapper
LogTaskGraph: Started task graph with 4 named threads and 7 total threads with 1 sets of task threads.
LogICUInternationalization: ICU TimeZone Detection - Raw Offset: -5:00, Platform Override: ''
LogInit: Build: ++UE4+Release-4.23-CL-0
LogInit: Engine Version: 4.23.0-0+++UE4+Release-4.23
LogInit: Compatible Engine Version: 4.23.0-0+++UE4+Release-4.23
LogInit: Net CL: 0
LogInit: OS: GenericOSVersionLabel (GenericOSSubVersionLabel), CPU: Intel(R) Core(TM) i7-8550U CPU @ 1.80GHz, GPU: GenericGPUBrand
LogInit: Compiled (64-bit): Sep  8 2019 20:04:53
LogInit: Compiled with Clang: 8.0.1 (tags/RELEASE_801/final)
LogInit: Build Configuration: Shipping
LogInit: Branch Name: ++UE4+Release-4.23
LogInit: Command Line:  -Abslog="/home/minh/Desktop/UnrealTeamProject/TeamProject/Saved/Logs/GameEngineProject-CRC.log" -Unattended "/home/minh/Desktop/UnrealTeamProject/TeamProject/Saved/Crashes/ensureinfo-GameEngineProject-pid-26967-5B504E111C894FEDAA4AFC9B24F36466/"
LogInit: Base Directory: /home/minh/Documents/UnrealEngine/Engine/Binaries/Linux/
LogInit: Installed Engine Build: 1
LogInit: Presizing for max 100000 objects, including 0 objects not considered by GC, pre-allocating 0 bytes for permanent pool.
LogInit: Object subsystem initialized
LogConfig: Applying CVar settings from Section [ConsoleVariables] File [/home/minh/.config/Epic/CrashReportClient/Saved/Config/Linux/Engine.ini]
[2019.10.22-18.22.32:159][  0]LogInit: Unix hardware info:
[2019.10.22-18.22.32:159][  0]LogInit:  - we are the first instance of this executable
[2019.10.22-18.22.32:159][  0]LogInit:  - this process' id (pid) is 27443, parent process' id (ppid) is 26967
[2019.10.22-18.22.32:159][  0]LogInit:  - we are not running under debugger
[2019.10.22-18.22.32:159][  0]LogInit:  - machine network name is 'minh'
[2019.10.22-18.22.32:159][  0]LogInit:  - user name is 'minh' (minh)
[2019.10.22-18.22.32:159][  0]LogInit:  - we're logged in locally
[2019.10.22-18.22.32:159][  0]LogInit:  - we're running with rendering
[2019.10.22-18.22.32:159][  0]LogInit:  - CPU: GenuineIntel 'Intel(R) Core(TM) i7-8550U CPU @ 1.80GHz' (signature: 0x806EA)
[2019.10.22-18.22.32:159][  0]LogInit:  - Number of physical cores available for the process: 4
[2019.10.22-18.22.32:159][  0]LogInit:  - Number of logical cores available for the process: 8
[2019.10.22-18.22.32:159][  0]LogInit:  - Cache line size: 64
[2019.10.22-18.22.32:159][  0]LogInit:  - Memory allocator used: binned2
[2019.10.22-18.22.32:159][  0]LogInit:  - This binary is optimized with LTO: no, PGO: no, instrumented for PGO data collection: no
[2019.10.22-18.22.32:159][  0]LogInit:  - This is an internal build.
[2019.10.22-18.22.32:159][  0]LogCore: Skipped benchmarking clocks because the engine is running in a standalone program mode - CLOCK_MONOTONIC will be used.
[2019.10.22-18.22.32:159][  0]LogInit: Unix-specific commandline switches:
[2019.10.22-18.22.32:159][  0]LogInit:  -ansimalloc - use malloc()/free() from libc (useful for tools like valgrind and electric fence)
[2019.10.22-18.22.32:159][  0]LogInit:  -jemalloc - use jemalloc for all memory allocation
[2019.10.22-18.22.32:159][  0]LogInit:  -binnedmalloc - use binned malloc  for all memory allocation
[2019.10.22-18.22.32:160][  0]LogInit:  -filemapcachesize=NUMBER - set the size for case-sensitive file mapping cache
[2019.10.22-18.22.32:160][  0]LogInit:  -useksm - uses kernel same-page mapping (KSM) for mapped memory (OFF)
[2019.10.22-18.22.32:160][  0]LogInit:  -ksmmergeall - marks all mmap'd memory pages suitable for KSM (OFF)
[2019.10.22-18.22.32:160][  0]LogInit:  -preloadmodulesymbols - Loads the main module symbols file into memory (OFF)
[2019.10.22-18.22.32:160][  0]LogInit:  -sigdfl=SIGNAL - Allows a specific signal to be set to its default handler rather then ignoring the signal
[2019.10.22-18.22.32:160][  0]LogInit:  -httpproxy=ADDRESS:PORT - redirects HTTP requests to a proxy (only supported if compiled with libcurl)
[2019.10.22-18.22.32:160][  0]LogInit:  -reuseconn - allow libcurl to reuse HTTP connections (only matters if compiled with libcurl)
[2019.10.22-18.22.32:160][  0]LogInit:  -virtmemkb=NUMBER - sets process virtual memory (address space) limit (overrides VirtualMemoryLimitInKB value from .ini)
[2019.10.22-18.22.32:160][  0]LogInit:  - Physical RAM available (not considering process quota): 16 GB (15901 MB, 16282920 KB, 16673710080 bytes)
[2019.10.22-18.22.32:160][  0]LogInit:  - VirtualMemoryAllocator pools will grow at scale 1.4
[2019.10.22-18.22.32:160][  0]LogInit:  - MemoryRangeDecommit() will be a no-op (re-run with -vmapoolevict to change)
[2019.10.22-18.22.32:179][  0]LogAssetRegistry: FAssetRegistry took 0.0001 seconds to start up
[2019.10.22-18.22.32:179][  0]LogUObjectArray: 1085 objects as part of root set at end of initial load.
[2019.10.22-18.22.32:179][  0]LogUObjectAllocator: 162224 out of 0 bytes used by permanent object pool.
[2019.10.22-18.22.32:179][  0]LogUObjectArray: CloseDisregardForGC: 0/0 objects in disregard for GC pool
[2019.10.22-18.22.32:179][  0]LogInit: Using OS detected language (en-CA).
[2019.10.22-18.22.32:179][  0]LogInit: Using OS detected locale (en-CA).
[2019.10.22-18.22.32:180][  0]LogTextLocalizationManager: No localization for 'en-CA' exists, so 'en' will be used for the language.
[2019.10.22-18.22.32:180][  0]LogTextLocalizationManager: No localization for 'en-CA' exists, so 'en' will be used for the locale.
[2019.10.22-18.22.32:191][  0]LogInit: Using OS detected language (en-CA).
[2019.10.22-18.22.32:191][  0]LogInit: Using OS detected locale (en-CA).
[2019.10.22-18.22.32:191][  0]LogTextLocalizationManager: No localization for 'en-CA' exists, so 'en' will be used for the language.
[2019.10.22-18.22.32:191][  0]LogTextLocalizationManager: No localization for 'en-CA' exists, so 'en' will be used for the locale.
[2019.10.22-18.22.32:192][  0]LogTextLocalizationManager: Compacting localization data took   0.84ms
[2019.10.22-18.22.32:192][  0]LogPackageLocalizationCache: Processed 2 localized package path(s) for 1 prioritized culture(s) in 0.000023 seconds
[2019.10.22-18.22.32:192][  0]CrashReportCoreLog: CrashReportClientVersion=1.0
[2019.10.22-18.22.32:192][  0]CrashReportCoreLog: CrashReportReceiver disabled
[2019.10.22-18.22.32:192][  0]CrashReportCoreLog: DataRouterUrl: https://datarouter.ol.epicgames.com/datarouter/api/v1/public/data
[2019.10.22-18.22.32:195][  0]CrashReportCoreLog: Initial state = Unknown UploadState value
[2019.10.22-18.22.32:195][  0]CrashReportCoreLog: Initial state = Unknown UploadState value
[2019.10.22-18.22.32:195][  0]LogCrashDebugHelper: DepotName: //UE4/Release-4.23
[2019.10.22-18.22.32:195][  0]LogCrashDebugHelper: BuiltFromCL: 0
[2019.10.22-18.22.32:195][  0]LogCrashDebugHelper: EngineVersion: 4.23.0-0+++UE4+Release-4.23
[2019.10.22-18.22.32:195][  0]LogCrashDebugHelper: BuildVersion: ++UE4+Release-4.23-CL-0
[2019.10.22-18.22.32:195][  0]LogCrashDebugHelper: Warning: CrashDebugHelperConfig invalid
[2019.10.22-18.22.32:195][  0]LogCrashDebugHelper: Warning: PDB Cache disabled
[2019.10.22-18.22.33:171][  0]CrashReportCoreLog: Got 5 pending files to upload from 'ensureinfo-GameEngineProject-pid-26967-5B504E111C894FEDAA4AFC9B24F36466'
[2019.10.22-18.22.33:171][  0]CrashReportCoreLog: State change from Ready to SendingFiles
[2019.10.22-18.22.33:172][  0]CrashReportCoreLog: CompressAndSendData have 5 pending files
[2019.10.22-18.22.33:172][  0]CrashReportCoreLog: CompressAndSendData compressing 108 bytes ('/home/minh/Desktop/UnrealTeamProject/TeamProject/Saved/Crashes/ensureinfo-GameEngineProject-pid-26967-5B504E111C894FEDAA4AFC9B24F36466/CrashReportClient.ini')
[2019.10.22-18.22.33:172][  0]CrashReportCoreLog: CompressAndSendData compressing 4 bytes ('/home/minh/Desktop/UnrealTeamProject/TeamProject/Saved/Crashes/ensureinfo-GameEngineProject-pid-26967-5B504E111C894FEDAA4AFC9B24F36466/minidump.dmp')
[2019.10.22-18.22.33:172][  0]CrashReportCoreLog: CompressAndSendData compressing 111724 bytes ('/home/minh/Desktop/UnrealTeamProject/TeamProject/Saved/Crashes/ensureinfo-GameEngineProject-pid-26967-5B504E111C894FEDAA4AFC9B24F36466/GameEngineProject.log')
[2019.10.22-18.22.33:173][  0]CrashReportCoreLog: CompressAndSendData compressing 26359 bytes ('/home/minh/Desktop/UnrealTeamProject/TeamProject/Saved/Crashes/ensureinfo-GameEngineProject-pid-26967-5B504E111C894FEDAA4AFC9B24F36466/CrashContext.runtime-xml')
[2019.10.22-18.22.33:173][  0]CrashReportCoreLog: CompressAndSendData compressing 8441 bytes ('/home/minh/Desktop/UnrealTeamProject/TeamProject/Saved/Crashes/ensureinfo-GameEngineProject-pid-26967-5B504E111C894FEDAA4AFC9B24F36466/Diagnostics.txt')
[2019.10.22-18.22.33:276][  0]LogInit: Using libcurl 7.48.0-DEV
[2019.10.22-18.22.33:276][  0]LogInit:  - built for x86_64-unknown-linux-gnu
[2019.10.22-18.22.33:276][  0]LogInit:  - supports SSL with OpenSSL/1.0.2h
[2019.10.22-18.22.33:276][  0]LogInit:  - supports HTTP deflate (compression) using libz 1.2.8
[2019.10.22-18.22.33:276][  0]LogInit:  - other features:
[2019.10.22-18.22.33:276][  0]LogInit:      CURL_VERSION_SSL
[2019.10.22-18.22.33:276][  0]LogInit:      CURL_VERSION_LIBZ
[2019.10.22-18.22.33:276][  0]LogInit:      CURL_VERSION_IPV6
[2019.10.22-18.22.33:276][  0]LogInit:      CURL_VERSION_ASYNCHDNS
[2019.10.22-18.22.33:276][  0]LogInit:      CURL_VERSION_LARGEFILE
[2019.10.22-18.22.33:277][  0]LogInit:      CURL_VERSION_TLSAUTH_SRP
[2019.10.22-18.22.33:277][  0]LogInit:  CurlRequestOptions (configurable via config and command line):
[2019.10.22-18.22.33:277][  0]LogInit:  - bVerifyPeer = false  - Libcurl will NOT verify peer certificate
[2019.10.22-18.22.33:277][  0]LogInit:  - bUseHttpProxy = false  - Libcurl will NOT use HTTP proxy
[2019.10.22-18.22.33:277][  0]LogInit:  - bDontReuseConnections = false  - Libcurl will reuse connections
[2019.10.22-18.22.33:277][  0]LogInit:  - MaxHostConnections = 16  - Libcurl will limit the number of connections to a host
[2019.10.22-18.22.33:277][  0]LogInit:  - LocalHostAddr = Default
[2019.10.22-18.22.33:277][  0]LogInit:  - BufferSize = 65536
[2019.10.22-18.22.33:277][  0]CrashReportCoreLog: Sending HTTP request: https://datarouter.ol.epicgames.com/datarouter/api/v1/public/data?AppID=CrashReporter&AppVersion=4.23.0-0%2B%2B%2BUE4%2BRelease-4.23&AppEnvironment=Release&UploadType=crashreports&UserID=2b30746de592472daa9e738460380114-000003e9%7C%7C2b30746de592472daa9e738460380114
[2019.10.22-18.22.33:545][  0]CrashReportCoreLog: OnProcessRequestComplete(), State=SendingFiles bSucceeded=1
[2019.10.22-18.22.33:545][  0]CrashReportCoreLog: State change from SendingFiles to SendingFiles
[2019.10.22-18.22.33:545][  0]CrashReportCoreLog: All uploads done
[2019.10.22-18.22.33:545][  0]CrashReportCoreLog: State change from SendingFiles to Finished
[2019.10.22-18.22.34:181][  0]LogCore: FUnixPlatformMisc::RequestExit(0)
[2019.10.22-18.22.34:181][  0]LogGenericPlatformMisc: FPlatformMisc::RequestExit(0)
[2019.10.22-18.22.34:214][  0]CrashReportCoreLog: Final state (Receiver) = Finished
[2019.10.22-18.22.34:214][  0]CrashReportCoreLog: Final state (Receiver) = Unknown UploadState value
[2019.10.22-18.22.34:214][  0]LogExit: Preparing to exit.
[2019.10.22-18.22.34:221][  0]LogExit: Object subsystem successfully closed.
[2019.10.22-18.22.34:229][  0]LogModuleManager: Shutting down and abandoning module HTTP (14)
[2019.10.22-18.22.34:242][  0]LogModuleManager: Shutting down and abandoning module SSL (13)
[2019.10.22-18.22.34:244][  0]LogModuleManager: Shutting down and abandoning module CrashDebugHelper (10)
[2019.10.22-18.22.34:244][  0]LogModuleManager: Shutting down and abandoning module CoreUObject (8)
[2019.10.22-18.22.34:244][  0]LogModuleManager: Shutting down and abandoning module SandboxFile (6)
[2019.10.22-18.22.34:244][  0]LogModuleManager: Shutting down and abandoning module PakFile (4)
[2019.10.22-18.22.34:244][  0]LogModuleManager: Shutting down and abandoning module RSA (3)
[2019.10.22-18.22.34:245][  0]LogExit: Exiting.
[2019.10.22-18.22.34:297][  0]Log file closed, 10/22/19 14:22:34
